<?xml version="1.0" encoding="UTF-8"?>
<testsuite xmlns:xsi="http://www.w3.org/2001/XMLSchema-instance" xsi:noNamespaceSchemaLocation="https://maven.apache.org/surefire/maven-surefire-plugin/xsd/surefire-test-report.xsd" version="3.0.2" name="com.itheima.SpringbootMybatisQuickstartApplicationTests" time="2.818" tests="3" errors="0" skipped="0" failures="0">
  <properties>
[...]
</properties>
  <testcase name="testFindAll" classname="com.itheima.SpringbootMybatisQuickstartApplicationTests" time="1.2">
    <system-out><![CDATA[03:26:13.631 [main] INFO org.springframework.test.context.support.AnnotationConfigContextLoaderUtils -- Could not detect default configuration classes for test class [com.itheima.SpringbootMybatisQuickstartApplicationTests]: SpringbootMybatisQuickstartApplicationTests does not declare any static, non-private, non-final, nested classes annotated with @Configuration.
03:26:13.741 [main] INFO org.springframework.boot.test.context.SpringBootTestContextBootstrapper -- Found @SpringBootConfiguration com.itheima.SpringbootMybatisQuickstartApplication for test class com.itheima.SpringbootMybatisQuickstartApplicationTests

  .   ____          _            __ _ _
 /\\ / ___'_ __ _ _(_)_ __  __ _ \ \ \ \
( ( )\___ | '_ | '_| | '_ \/ _` | \ \ \ \
 \\/  ___)| |_)| | | | | || (_| |  ) ) ) )
  '  |____| .__|_| |_|_| |_\__, | / / / /
 =========|_|==============|___/=/_/_/_/

 :: Spring Boot ::                (v3.4.1)

2025-01-23T03:26:14.246+08:00  INFO 9456 --- [springboot-mybatis-quickstart] [           main] ingbootMybatisQuickstartApplicationTests : Starting SpringbootMybatisQuickstartApplicationTests using Java 22.0.1 with PID 9456 (started by Meris in D:\web-ai-code\test\springboot-mybatis-quickstart)
2025-01-23T03:26:14.247+08:00  INFO 9456 --- [springboot-mybatis-quickstart] [           main] ingbootMybatisQuickstartApplicationTests : No active profile set, falling back to 1 default profile: "default"
Logging initialized using 'class org.apache.ibatis.logging.stdout.StdOutImpl' adapter.
2025-01-23T03:26:15.065+08:00  INFO 9456 --- [springboot-mybatis-quickstart] [           main] ingbootMybatisQuickstartApplicationTests : Started SpringbootMybatisQuickstartApplicationTests in 1.188 seconds (process running for 2.085)
Creating a new SqlSession
SqlSession [org.apache.ibatis.session.defaults.DefaultSqlSession@28768e25] was not registered for synchronization because synchronization is not active
2025-01-23T03:26:15.872+08:00  INFO 9456 --- [springboot-mybatis-quickstart] [           main] com.alibaba.druid.pool.DruidDataSource   : {dataSource-1} inited
JDBC Connection [com.mysql.cj.jdbc.ConnectionImpl@15369d73] will not be managed by Spring
==>  Preparing: select id, username, password, name, age from user
==> Parameters: 
<==    Columns: id, username, password, name, age
<==        Row: 1, daqiao, 123456, 大乔, 25
<==        Row: 2, xiaoqiao, 123456, 小乔, 18
<==        Row: 3, diaochan, 123456, 貂蝉, 24
<==      Total: 3
Closing non transactional SqlSession [org.apache.ibatis.session.defaults.DefaultSqlSession@28768e25]
User(id=1, username=daqiao, password=123456, name=大乔, age=25)
User(id=2, username=xiaoqiao, password=123456, name=小乔, age=18)
User(id=3, username=diaochan, password=123456, name=貂蝉, age=24)
]]></system-out>
    <system-err><![CDATA[Mockito is currently self-attaching to enable the inline-mock-maker. This will no longer work in future releases of the JDK. Please add Mockito as an agent to your build what is described in Mockito's documentation: https://javadoc.io/doc/org.mockito/mockito-core/latest/org/mockito/Mockito.html#0.3
WARNING: A Java agent has been loaded dynamically (D:\develop\apache-maven-3.9.9-bin\apache-maven-3.9.9\mvn_repo\net\bytebuddy\byte-buddy-agent\1.15.11\byte-buddy-agent-1.15.11.jar)
WARNING: If a serviceability tool is in use, please run with -XX:+EnableDynamicAgentLoading to hide this warning
WARNING: If a serviceability tool is not in use, please run with -Djdk.instrument.traceUsage for more information
WARNING: Dynamic loading of agents will be disallowed by default in a future release
]]></system-err>
  </testcase>
  <testcase name="testDeleteById" classname="com.itheima.SpringbootMybatisQuickstartApplicationTests" time="0.009">
    <system-out><![CDATA[Creating a new SqlSession
SqlSession [org.apache.ibatis.session.defaults.DefaultSqlSession@38de5daf] was not registered for synchronization because synchronization is not active
JDBC Connection [com.mysql.cj.jdbc.ConnectionImpl@15369d73] will not be managed by Spring
==>  Preparing: delete from user where id = ?
==> Parameters: 4(Integer)
<==    Updates: 0
Closing non transactional SqlSession [org.apache.ibatis.session.defaults.DefaultSqlSession@38de5daf]
执行完毕后的影响数：0
]]></system-out>
  </testcase>
  <testcase name="testInsert" classname="com.itheima.SpringbootMybatisQuickstartApplicationTests" time="0.012">
    <system-out><![CDATA[Creating a new SqlSession
SqlSession [org.apache.ibatis.session.defaults.DefaultSqlSession@26874f2c] was not registered for synchronization because synchronization is not active
JDBC Connection [com.mysql.cj.jdbc.ConnectionImpl@15369d73] will not be managed by Spring
==>  Preparing: insert into user(username, password, name, age) values(?, ?, ?, ?)
==> Parameters: zhouyu(String), 666888(String), 周瑜(String), 18(Integer)
<==    Updates: 1
Closing non transactional SqlSession [org.apache.ibatis.session.defaults.DefaultSqlSession@26874f2c]
]]></system-out>
  </testcase>
</testsuite>